<?xml version="1.0" encoding="utf-8"?><testsuites name="pytest tests"><testsuite name="pytest" errors="0" failures="0" skipped="0" tests="19" time="9.539" timestamp="2026-04-18T22:24:22.566750+00:00" hostname="agent-env-83c0b301-5124-4435-8a86-2d19b7f23309"><testcase classname="backend.tests.test_iteration4_api.TestHealthAndProducts" name="test_products_public_endpoint" time="1.263" /><testcase classname="backend.tests.test_iteration4_api.TestAdminAuth" name="test_admin_login_success" time="0.348" /><testcase classname="backend.tests.test_iteration4_api.TestAdminAuth" name="test_admin_login_invalid_credentials" time="0.161" /><testcase classname="backend.tests.test_iteration4_api.TestAdminAuth" name="test_auth_verify" time="0.444" /><testcase classname="backend.tests.test_iteration4_api.TestUserAuth" name="test_user_register_and_login" time="0.733" /><testcase classname="backend.tests.test_iteration4_api.TestUserAuth" name="test_user_register_duplicate_email" time="0.470" /><testcase classname="backend.tests.test_iteration4_api.TestProductsCRUD" name="test_create_product" time="0.507" /><testcase classname="backend.tests.test_iteration4_api.TestProductsCRUD" name="test_get_product_detail" time="0.623" /><testcase classname="backend.tests.test_iteration4_api.TestProductsCRUD" name="test_update_product" time="0.593" /><testcase classname="backend.tests.test_iteration4_api.TestProductsCRUD" name="test_delete_product" time="0.643" /><testcase classname="backend.tests.test_iteration4_api.TestCartCRUD" name="test_add_to_cart" time="0.583" /><testcase classname="backend.tests.test_iteration4_api.TestCartCRUD" name="test_get_cart" time="0.433" /><testcase classname="backend.tests.test_iteration4_api.TestCartCRUD" name="test_update_cart_quantity" time="0.673" /><testcase classname="backend.tests.test_iteration4_api.TestCartCRUD" name="test_remove_from_cart" time="0.664" /><testcase classname="backend.tests.test_iteration4_api.TestContactForm" name="test_submit_contact" time="0.114" /><testcase classname="backend.tests.test_iteration4_api.TestAIEndpoints" name="test_chat_endpoint_wired" time="0.516" /><testcase classname="backend.tests.test_iteration4_api.TestAIEndpoints" name="test_chat_unauthorized" time="0.108" /><testcase classname="backend.tests.test_iteration4_api.TestAIEndpoints" name="test_ocr_endpoint_wired" time="0.467" /><testcase classname="backend.tests.test_iteration4_api.TestAIEndpoints" name="test_ocr_unauthorized" time="0.107" /></testsuite></testsuites>