<?xml version="1.0" encoding="utf-8"?><testsuites name="pytest tests"><testsuite name="pytest" errors="0" failures="0" skipped="0" tests="20" time="8.893" timestamp="2026-04-18T21:21:01.883424+00:00" hostname="agent-env-83c0b301-5124-4435-8a86-2d19b7f23309"><testcase classname="tests.test_organic_store_api.TestHealthAndAuth" name="test_products_endpoint_accessible" time="0.236" /><testcase classname="tests.test_organic_store_api.TestHealthAndAuth" name="test_admin_login_success" time="0.395" /><testcase classname="tests.test_organic_store_api.TestHealthAndAuth" name="test_admin_login_invalid_credentials" time="0.146" /><testcase classname="tests.test_organic_store_api.TestHealthAndAuth" name="test_token_verification" time="0.507" /><testcase classname="tests.test_organic_store_api.TestProductsCRUD" name="test_get_all_products" time="0.166" /><testcase classname="tests.test_organic_store_api.TestProductsCRUD" name="test_get_admin_products" time="0.451" /><testcase classname="tests.test_organic_store_api.TestProductsCRUD" name="test_create_product" time="0.762" /><testcase classname="tests.test_organic_store_api.TestProductsCRUD" name="test_update_product" time="0.843" /><testcase classname="tests.test_organic_store_api.TestProductsCRUD" name="test_delete_product" time="0.647" /><testcase classname="tests.test_organic_store_api.TestProductsCRUD" name="test_unauthorized_product_creation" time="0.128" /><testcase classname="tests.test_organic_store_api.TestBulkOperations" name="test_bulk_delete" time="0.990" /><testcase classname="tests.test_organic_store_api.TestBulkOperations" name="test_bulk_duplicate" time="0.783" /><testcase classname="tests.test_organic_store_api.TestChatAndOCR" name="test_chat_endpoint_structure" time="0.436" /><testcase classname="tests.test_organic_store_api.TestChatAndOCR" name="test_chat_unauthorized" time="0.103" /><testcase classname="tests.test_organic_store_api.TestChatAndOCR" name="test_ocr_endpoint_structure" time="0.431" /><testcase classname="tests.test_organic_store_api.TestChatAndOCR" name="test_ocr_unauthorized" time="0.103" /><testcase classname="tests.test_organic_store_api.TestUserRegistrationAndCart" name="test_user_registration" time="0.346" /><testcase classname="tests.test_organic_store_api.TestUserRegistrationAndCart" name="test_duplicate_email_registration" time="0.436" /><testcase classname="tests.test_organic_store_api.TestUserRegistrationAndCart" name="test_cart_operations" time="0.727" /><testcase classname="tests.test_organic_store_api.TestContactForm" name="test_contact_submission" time="0.127" /></testsuite></testsuites>